<?xml version="1.0" encoding="UTF-8"?>
<!-- Generated by org.testng.reporters.JUnitReportReporter -->
<testsuite hostname="Abhinav-PC" name="com.basic.Demo" tests="1" failures="0" timestamp="31 Jul 2018 03:09:39 GMT" time="45.524" errors="0">
  <testcase name="cinfig" time="45.524" classname="com.basic.Demo"/>
</testsuite> <!-- com.basic.Demo -->
